<?xml version="1.0" encoding="UTF-8"?>
<testsuite xmlns:xsi="http://www.w3.org/2001/XMLSchema-instance" xsi:noNamespaceSchemaLocation="https://maven.apache.org/surefire/maven-surefire-plugin/xsd/surefire-test-report-3.0.xsd" version="3.0" name="com.sportradar.ScoreBoardTest" time="0.035" tests="10" errors="0" skipped="0" failures="2">
  <properties>
[...]
</properties>
  <testcase name="shouldAddGameToScoreBoard" classname="com.sportradar.ScoreBoardTest" time="0.01"/>
  <testcase name="shouldRemoveCorrectGame" classname="com.sportradar.ScoreBoardTest" time="0.001"/>
  <testcase name="shouldThrowExceptionWhenTeamAlreadyPlaying" classname="com.sportradar.ScoreBoardTest" time="0.004">
    <failure message="Expected java.lang.IllegalArgumentException to be thrown, but nothing was thrown." type="org.opentest4j.AssertionFailedError"><![CDATA[org.opentest4j.AssertionFailedError: Expected java.lang.IllegalArgumentException to be thrown, but nothing was thrown.
	at org.junit.jupiter.api.AssertionFailureBuilder.build(AssertionFailureBuilder.java:152)
	at org.junit.jupiter.api.AssertThrows.assertThrows(AssertThrows.java:73)
	at org.junit.jupiter.api.AssertThrows.assertThrows(AssertThrows.java:35)
	at org.junit.jupiter.api.Assertions.assertThrows(Assertions.java:3111)
	at com.sportradar.ScoreBoardTest.shouldThrowExceptionWhenTeamAlreadyPlaying(ScoreBoardTest.java:98)
	at java.base/java.lang.reflect.Method.invoke(Method.java:580)
	at java.base/java.util.ArrayList.forEach(ArrayList.java:1596)
	at java.base/java.util.ArrayList.forEach(ArrayList.java:1596)
]]></failure>
  </testcase>
  <testcase name="shouldRemoveGameFromScoreBoard" classname="com.sportradar.ScoreBoardTest" time="0.002"/>
  <testcase name="shouldThrowExceptionWhenScoreIsNegative" classname="com.sportradar.ScoreBoardTest" time="0.001">
    <failure message="Expected java.lang.IllegalArgumentException to be thrown, but nothing was thrown." type="org.opentest4j.AssertionFailedError"><![CDATA[org.opentest4j.AssertionFailedError: Expected java.lang.IllegalArgumentException to be thrown, but nothing was thrown.
	at org.junit.jupiter.api.AssertionFailureBuilder.build(AssertionFailureBuilder.java:152)
	at org.junit.jupiter.api.AssertThrows.assertThrows(AssertThrows.java:73)
	at org.junit.jupiter.api.AssertThrows.assertThrows(AssertThrows.java:35)
	at org.junit.jupiter.api.Assertions.assertThrows(Assertions.java:3111)
	at com.sportradar.ScoreBoardTest.shouldThrowExceptionWhenScoreIsNegative(ScoreBoardTest.java:106)
	at java.base/java.lang.reflect.Method.invoke(Method.java:580)
	at java.base/java.util.ArrayList.forEach(ArrayList.java:1596)
	at java.base/java.util.ArrayList.forEach(ArrayList.java:1596)
]]></failure>
  </testcase>
  <testcase name="shouldUpdateScore" classname="com.sportradar.ScoreBoardTest" time="0.0"/>
  <testcase name="shouldThrowExceptionWhenUpdatingNonExistentGame" classname="com.sportradar.ScoreBoardTest" time="0.0"/>
  <testcase name="shouldStartGameWithZeroScore" classname="com.sportradar.ScoreBoardTest" time="0.0"/>
  <testcase name="shouldStartGameWithCorrectTeams" classname="com.sportradar.ScoreBoardTest" time="0.001"/>
  <testcase name="shouldReturnSummaryOrderedByTotalScore" classname="com.sportradar.ScoreBoardTest" time="0.001"/>
</testsuite>